16
#99 3 14 19 49 
3 14 8
14 19 8
3 19 3 14 14 19 9
19 49 9
3 49 3 19 19 49 10
#100 3 14 19 49 
3 14 8
14 19 8
3 19 3 14 14 19 9
19 49 9
3 49 3 19 19 49 10
#106 4 38 48 9 
4 38 8
38 48 8
4 48 4 38 38 48 9
48 9 9
4 9 4 48 48 9 10
#221 9 48 14 3 
9 48 8
48 14 8
9 14 9 48 48 14 9
14 3 9
9 3 9 14 14 3 10
#260 10 25 11 44 
10 25 8
25 11 8
10 11 10 25 25 11 9
11 44 9
10 44 10 11 11 44 10
#261 10 25 11 44 
10 25 8
25 11 8
10 11 10 25 25 11 9
11 44 9
10 44 10 11 11 44 10
#763 39 27 14 3 
39 27 8
27 14 8
39 14 39 27 27 14 9
14 3 9
39 3 39 14 14 3 10
#784 39 27 40 11 44 
39 27 7
27 40 7
39 40 39 27 27 40 8
40 11 8
39 11 39 40 40 11 9
11 44 9
39 44 39 11 11 44 10
#120 4 38 19 49 37 29 
4 38 6
38 19 6
4 19 4 38 38 19 7
19 49 7
4 49 4 19 19 49 8
49 37 8
4 37 4 49 49 37 9
37 29 9
4 29 4 37 37 29 10
#264 10 25 11 44 6 47 
10 25 6
25 11 6
10 11 10 25 25 11 7
11 44 7
10 44 10 11 11 44 8
44 6 8
10 6 10 44 44 6 9
6 47 9
10 47 10 6 6 47 10
#227 9 48 27 39 31 8 26 
9 48 5
48 27 5
9 27 9 48 48 27 6
27 39 6
9 39 9 27 27 39 7
39 31 7
9 31 9 39 39 31 8
31 8 8
9 8 9 31 31 8 9
8 26 9
9 26 9 8 8 26 10
#229 9 48 11 44 6 47 32 
9 48 5
48 11 5
9 11 9 48 48 11 6
11 44 6
9 44 9 11 11 44 7
44 6 7
9 6 9 44 44 6 8
6 47 8
9 47 9 6 6 47 9
47 32 9
9 32 9 47 47 32 10
#253 10 25 11 44 6 47 32 
10 25 5
25 11 5
10 11 10 25 25 11 6
11 44 6
10 44 10 11 11 44 7
44 6 7
10 6 10 44 44 6 8
6 47 8
10 47 10 6 6 47 9
47 32 9
10 32 10 47 47 32 10
#985 49 19 14 3 34 1 33 
49 19 5
19 14 5
49 14 49 19 19 14 6
14 3 6
49 3 49 14 14 3 7
3 34 7
49 34 49 3 3 34 8
34 1 8
49 1 49 34 34 1 9
1 33 9
49 33 49 1 1 33 10
#220 9 48 27 39 31 8 26 24 0 
9 48 3
48 27 3
9 27 9 48 48 27 4
27 39 4
9 39 9 27 27 39 5
39 31 5
9 31 9 39 39 31 6
31 8 6
9 8 9 31 31 8 7
8 26 7
9 26 9 8 8 26 8
26 24 8
9 24 9 26 26 24 9
24 0 9
9 0 9 24 24 0 10
#787 41 10 25 11 44 6 47 32 28 7 
41 10 2
10 25 2
41 25 41 10 10 25 3
25 11 3
41 11 41 25 25 11 4
11 44 4
41 44 41 11 11 44 5
44 6 5
41 6 41 44 44 6 6
6 47 6
41 47 41 6 6 47 7
47 32 7
41 32 41 47 47 32 8
32 28 8
41 28 41 32 32 28 9
28 7 9
41 7 41 28 28 7 10