00010000000000000000000000000000000000000000000001
00010000000000000002000000000000000000000000000001
00010000000000200002000000000000000000000000000001
00010000000000200001000000000000000000000000000000
00000000000000000000000000000000000000000000000000
00000000000000000000000000000000000000000000000000
00000000000000000000000000000000000000000000000000
00000000000000000000000000000000000000000000000000
00000000000000000000000000000000000000000000000000
00000000000000000000000000000000000000000000000000

00020000000000000000000000000000000000000000000002
00020000000000000004000000000000000000000000000002
00020000000000400004000000000000000000000000000002
00020000000000400002000000000000000000000000000000
00000000000000000000000000000000000000000000000000
00000000000000000000000000000000000000000000000000
00000000000000000000000000000000000000000000000000
00000000000000000000000000000000000000000000000000
00000000000000000000000000000000000000000000000000
00000000000000000000000000000000000000000000000000

00021000010000000000000000000000000000000000000002
00021000010000000004000000000000000000000000000022
00021000010000400004000000000000000000200000000022
00021000000000400002000000000000000000200000000010
00000000000000000000000000000000000000000000000000
00000000000000000000000000000000000000000000000000
00000000000000000000000000000000000000000000000000
00000000000000000000000000000000000000000000000000
00000000000000000000000000000000000000000000000000
00000000000000000000000000000000000000000000000000

00031000020000000000000000000000000000000000000002
00031000020000200004000000000000000000000000000022
00031000020000600004000000000000000000200000000042
00021000010000500002000000000000000000200000000030
00000000000000000000000000000000000000000000000000
00000000000000000000000000000000000000000000000000
00000000000000000000000000000000000000000000000000
00000000000000000000000000000000000000000000000000
00000000000000000000000000000000000000000000000000
00000000000000000000000000000000000000000000000000

00031000021000000000000000000000000000000000100002
00031000021200200004000000000000000000000000100022
00031000021200600004000002000000000000200000100042
00021000011100500002000002000000000000200000000030
00000000000000000000000000000000000000000000000000
00000000000000000000000000000000000000000000000000
00000000000000000000000000000000000000000000000000
00000000000000000000000000000000000000000000000000
00000000000000000000000000000000000000000000000000
00000000000000000000000000000000000000000000000000

00031000022000000000000000000000000000000000200002
00031000022400200004000000000000000000000000200022
00031000022400600004000004000000000000200000200042
00021000012200500002000004000000000000200000000030
00000000000000000000000000000000000000000000000000
00000000000000000000000000000000000000000000000000
00000000000000000000000000000000000000000000000000
00000000000000000000000000000000000000000000000000
00000000000000000000000000000000000000000000000000
00000000000000000000000000000000000000000000000000

00041000022000000000000000000000000000010000200002
00041000022400400004000000000000000000010000200022
00041000022400800004000004020000000000210000200042
00021000012200600002000004020000000000210000000030
00000000000000000000000000000000000000000000000000
00000000000000000000000000000000000000000000000000
00000000000000000000000000000000000000000000000000
00000000000000000000000000000000000000000000000000
00000000000000000000000000000000000000000000000000
00000000000000000000000000000000000000000000000000

00041000022000000000000000000000000000020000300002
00041000022600400004000000000000000000020000300022
00041000022600800004000004020000000000222000300042
00021000012300600002000004040000000000222000000030
00000000000000000000000000020000000000011000000000
00000000000000000000000000000000000000000000000000
00000000000000000000000000000000000000000000000000
00000000000000000000000000000000000000000000000000
00000000000000000000000000000000000000000000000000
00000000000000000000000000000000000000000000000000

00042000022000000000000000000100000000020000300002
00042000022600400004000000000100000002020000300022
00042000022600800004000004020100000002222000300044
00022000012300600004000004040000000001222000000032
00001000000000000002000000020000000000211000000001
00001000000000000001000000000000000000200000000000
00000000000000000000000000000000000000000000000000
00000000000000000000000000000000000000000000000000
00000000000000000000000000000000000000000000000000
00000000000000000000000000000000000000000000000000

00042000023000000000000000000100000000020000300102
00042020023600400004000000000100000002020000300122
00042020023600800004000004020100000002222000500144
00022010013500600004000004040000000001222000200032
00001000001200000002000002020000000000211000100001
00001000001100000001000002000000000000200000000000
00000000000000000000000000000000000000000000000000
00000000000000000000000000000000000000000000000000
00000000000000000000000000000000000000000000000000
00000000000000000000000000000000000000000000000000

00042000033000000000000000100100000000020000300102
00042020233600400004000000100100000002020000300122
00042020233600800004000004120102000002222000500144
00022010123500600004000004040002000001242000200032
00001000011200000002000002040001000000231000100001
00001000011100000001000002020000000000210000000020
00000000010000000000000000010000000000000000000020
00000000000000000000000000000000000000000000000000
00000000000000000000000000000000000000000000000000
00000000000000000000000000000000000000000000000000

00042000043000000000000000100100100000020000300102
00042020243600400004000000100100100002020000300322
00042040243600800004000004120102100002222000500344
00022030133500600004000004040002000001242000400132
00001010021400000002000002040001000000231000300001
00001000021300000001000002020000000000210000100040
00000000020100000000000000010000000000000000000040
00000000000000000000000000000000000000000000000000
00000000000000000000000000000000000000000000000000
00000000000000000000000000000000000000000000000000

00042000044000000000000000100100200000020000300102
00042020244600400004000000100100200002020000300522
00042060244600800004000004120102200002222000500544
00022050134500600004000004040002000001242000600232
00001020022600000002000002040001000000231000500001
00001000022500000001000004020000000000210000200040
00000000021200000000000002010000000000000000000040
00000000000000000000000000000000000000000000000000
00000000000000000000000000000000000000000000000000
00000000000000000000000000000000000000000000000000

00042000044000000000000000100100210000020000300103
02042020244600400004000000100100210002020000300523
02042060244600800004000004120102212002222000500545
01042050134500600004000004040002002001242000600233
00021020022600200002000002040001001000231000500002
00011000022500200003000004020000000000210000200041
00000000021200100002000002010000000000000000000041
00000000000000000000000000000000000000000000000000
00000000000000000000000000000000000000000000000000
00000000000000000000000000000000000000000000000000

10042000054000000000000000100100210000020000300103
12042020254600400004000020100100210002020000300523
12042060254600800004000024320102212002222000500545
01042050344500600004000014240002002001242000600233
00021020232600200002000002140003001000231000500002
00011000132500200003000004020002000000230000200041
00000000031200100002000002030001000000020000000041
00000000010000000000000000020000000000010000000020
00000000010000000000000000010000000000000000000020
00000000000000000000000000000000000000000000000000

10042001054000000000000000100100210000020100300103
12042021254600400004000020102100210002020100300523
12042061254600800004000024322102412002222100500545
01042050344500600004000014241002202001242100600433
00021040232600200002000002140003101000231100500202
00011020132500200003000004020002000000230100400141
00000010031400100002000002030001000000020100200041
00000000010200000000000002020000000000010100100020
00000000012100000000000002010000000000000100000020
00000000002000000000000001000000000000000100000000

16
#99 3 14 19 49 
3 14 8
14 19 8
3 19 3 14 14 19 9
19 49 9
3 49 3 19 19 49 10
#100 3 14 19 49 
3 14 8
14 19 8
3 19 3 14 14 19 9
19 49 9
3 49 3 19 19 49 10
#106 4 38 48 9 
4 38 8
38 48 8
4 48 4 38 38 48 9
48 9 9
4 9 4 48 48 9 10
#221 9 48 14 3 
9 48 8
48 14 8
9 14 9 48 48 14 9
14 3 9
9 3 9 14 14 3 10
#260 10 25 11 44 
10 25 8
25 11 8
10 11 10 25 25 11 9
11 44 9
10 44 10 11 11 44 10
#261 10 25 11 44 
10 25 8
25 11 8
10 11 10 25 25 11 9
11 44 9
10 44 10 11 11 44 10
#763 39 27 14 3 
39 27 8
27 14 8
39 14 39 27 27 14 9
14 3 9
39 3 39 14 14 3 10
#784 39 27 40 11 44 
39 27 7
27 40 7
39 40 39 27 27 40 8
40 11 8
39 11 39 40 40 11 9
11 44 9
39 44 39 11 11 44 10
#120 4 38 19 49 37 29 
4 38 6
38 19 6
4 19 4 38 38 19 7
19 49 7
4 49 4 19 19 49 8
49 37 8
4 37 4 49 49 37 9
37 29 9
4 29 4 37 37 29 10
#264 10 25 11 44 6 47 
10 25 6
25 11 6
10 11 10 25 25 11 7
11 44 7
10 44 10 11 11 44 8
44 6 8
10 6 10 44 44 6 9
6 47 9
10 47 10 6 6 47 10
#227 9 48 27 39 31 8 26 
9 48 5
48 27 5
9 27 9 48 48 27 6
27 39 6
9 39 9 27 27 39 7
39 31 7
9 31 9 39 39 31 8
31 8 8
9 8 9 31 31 8 9
8 26 9
9 26 9 8 8 26 10
#229 9 48 11 44 6 47 32 
9 48 5
48 11 5
9 11 9 48 48 11 6
11 44 6
9 44 9 11 11 44 7
44 6 7
9 6 9 44 44 6 8
6 47 8
9 47 9 6 6 47 9
47 32 9
9 32 9 47 47 32 10
#253 10 25 11 44 6 47 32 
10 25 5
25 11 5
10 11 10 25 25 11 6
11 44 6
10 44 10 11 11 44 7
44 6 7
10 6 10 44 44 6 8
6 47 8
10 47 10 6 6 47 9
47 32 9
10 32 10 47 47 32 10
#985 49 19 14 3 34 1 33 
49 19 5
19 14 5
49 14 49 19 19 14 6
14 3 6
49 3 49 14 14 3 7
3 34 7
49 34 49 3 3 34 8
34 1 8
49 1 49 34 34 1 9
1 33 9
49 33 49 1 1 33 10
#220 9 48 27 39 31 8 26 24 0 
9 48 3
48 27 3
9 27 9 48 48 27 4
27 39 4
9 39 9 27 27 39 5
39 31 5
9 31 9 39 39 31 6
31 8 6
9 8 9 31 31 8 7
8 26 7
9 26 9 8 8 26 8
26 24 8
9 24 9 26 26 24 9
24 0 9
9 0 9 24 24 0 10
#787 41 10 25 11 44 6 47 32 28 7 
41 10 2
10 25 2
41 25 41 10 10 25 3
25 11 3
41 11 41 25 25 11 4
11 44 4
41 44 41 11 11 44 5
44 6 5
41 6 41 44 44 6 6
6 47 6
41 47 41 6 6 47 7
47 32 7
41 32 41 47 47 32 8
32 28 8
41 28 41 32 32 28 9
28 7 9
41 7 41 28 28 7 10
